<?xml version="1.0" encoding="UTF-8"?>
<!-- Generated by org.testng.reporters.JUnitReportReporter -->
<testsuite skipped="1" hostname="LAPTOP-04MOMSC6" name="com.raq.test.Learning" tests="2" failures="0" timestamp="2020-01-05T13:43:07 IST" time="7.650" errors="1">
  <testcase name="setUp" time="7.650" classname="com.raq.test.Learning">
    <error type="org.openqa.selenium.SessionNotCreatedException" message="session not created: This version of ChromeDriver only supports Chrome version 80
Build info: version: &#039;3.14.0&#039;, revision: &#039;aacccce0&#039;, time: &#039;2018-08-02T20:19:58.91Z&#039;
System info: host: &#039;LAPTOP-04MOMSC6&#039;, ip: &#039;192.168.1.7&#039;, os.name: &#039;Windows 10&#039;, os.arch: &#039;amd64&#039;, os.version: &#039;10.0&#039;, java.version: &#039;1.8.0_201&#039;
Driver info: driver.version: ChromeDriver
remote stacktrace: Backtrace:
	Ordinal0 [0x00B00AE3+1706723]
	Ordinal0 [0x00A668C1+1075393]
	Ordinal0 [0x009DDFA9+516009]
	Ordinal0 [0x00970554+66900]
	Ordinal0 [0x0096CCE2+52450]
	Ordinal0 [0x0098BFD7+180183]
	Ordinal0 [0x0098BDDD+179677]
	Ordinal0 [0x00989D4B+171339]
	Ordinal0 [0x00971D4A+73034]
	Ordinal0 [0x00972DC0+77248]
	Ordinal0 [0x00972D59+77145]
	Ordinal0 [0x00A7BB37+1162039]
	GetHandleVerifier [0x00B9A7C6+508998]
	GetHandleVerifier [0x00B9A504+508292]
	GetHandleVerifier [0x00BAF617+594583]
	GetHandleVerifier [0x00B9B036+511158]
	Ordinal0 [0x00A73FFC+1130492]
	Ordinal0 [0x00A7D49B+1168539]
	Ordinal0 [0x00A7D603+1168899]
	Ordinal0 [0x00A95B05+1268485]
	BaseThreadInitThunk [0x76100419+25]
	RtlGetAppContainerNamedObjectPath [0x77CD662D+237]
	RtlGetAppContainerNamedObjectPath [0x77CD65FD+189]
">
      <![CDATA[org.openqa.selenium.SessionNotCreatedException: session not created: This version of ChromeDriver only supports Chrome version 80
Build info: version: '3.14.0', revision: 'aacccce0', time: '2018-08-02T20:19:58.91Z'
System info: host: 'LAPTOP-04MOMSC6', ip: '192.168.1.7', os.name: 'Windows 10', os.arch: 'amd64', os.version: '10.0', java.version: '1.8.0_201'
Driver info: driver.version: ChromeDriver
remote stacktrace: Backtrace:
Ordinal0 [0x00B00AE3+1706723]
Ordinal0 [0x00A668C1+1075393]
Ordinal0 [0x009DDFA9+516009]
Ordinal0 [0x00970554+66900]
Ordinal0 [0x0096CCE2+52450]
Ordinal0 [0x0098BFD7+180183]
Ordinal0 [0x0098BDDD+179677]
Ordinal0 [0x00989D4B+171339]
Ordinal0 [0x00971D4A+73034]
Ordinal0 [0x00972DC0+77248]
Ordinal0 [0x00972D59+77145]
Ordinal0 [0x00A7BB37+1162039]
GetHandleVerifier [0x00B9A7C6+508998]
GetHandleVerifier [0x00B9A504+508292]
GetHandleVerifier [0x00BAF617+594583]
GetHandleVerifier [0x00B9B036+511158]
Ordinal0 [0x00A73FFC+1130492]
Ordinal0 [0x00A7D49B+1168539]
Ordinal0 [0x00A7D603+1168899]
Ordinal0 [0x00A95B05+1268485]
BaseThreadInitThunk [0x76100419+25]
RtlGetAppContainerNamedObjectPath [0x77CD662D+237]
RtlGetAppContainerNamedObjectPath [0x77CD65FD+189]

at sun.reflect.NativeConstructorAccessorImpl.newInstance0(Native Method)
at sun.reflect.NativeConstructorAccessorImpl.newInstance(NativeConstructorAccessorImpl.java:62)
at sun.reflect.DelegatingConstructorAccessorImpl.newInstance(DelegatingConstructorAccessorImpl.java:45)
at java.lang.reflect.Constructor.newInstance(Constructor.java:423)
at org.openqa.selenium.remote.W3CHandshakeResponse.lambda$new$0(W3CHandshakeResponse.java:57)
at org.openqa.selenium.remote.W3CHandshakeResponse.lambda$getResponseFunction$2(W3CHandshakeResponse.java:104)
at org.openqa.selenium.remote.ProtocolHandshake.lambda$createSession$24(ProtocolHandshake.java:359)
at java.util.stream.ReferencePipeline$3$1.accept(ReferencePipeline.java:193)
at java.util.Spliterators$ArraySpliterator.tryAdvance(Spliterators.java:958)
at java.util.stream.ReferencePipeline.forEachWithCancel(ReferencePipeline.java:126)
at java.util.stream.AbstractPipeline.copyIntoWithCancel(AbstractPipeline.java:498)
at java.util.stream.AbstractPipeline.copyInto(AbstractPipeline.java:485)
at java.util.stream.AbstractPipeline.wrapAndCopyInto(AbstractPipeline.java:471)
at java.util.stream.FindOps$FindOp.evaluateSequential(FindOps.java:152)
at java.util.stream.AbstractPipeline.evaluate(AbstractPipeline.java:234)
at java.util.stream.ReferencePipeline.findFirst(ReferencePipeline.java:464)
at org.openqa.selenium.remote.ProtocolHandshake.createSession(ProtocolHandshake.java:362)
at org.openqa.selenium.remote.ProtocolHandshake.createSession(ProtocolHandshake.java:136)
at org.openqa.selenium.remote.HttpCommandExecutor.execute(HttpCommandExecutor.java:142)
at org.openqa.selenium.remote.service.DriverCommandExecutor.execute(DriverCommandExecutor.java:83)
at org.openqa.selenium.remote.RemoteWebDriver.execute(RemoteWebDriver.java:586)
at org.openqa.selenium.remote.RemoteWebDriver.startSession(RemoteWebDriver.java:217)
at org.openqa.selenium.remote.RemoteWebDriver.<init>(RemoteWebDriver.java:140)
at org.openqa.selenium.chrome.ChromeDriver.<init>(ChromeDriver.java:178)
at org.openqa.selenium.chrome.ChromeDriver.<init>(ChromeDriver.java:167)
at org.openqa.selenium.chrome.ChromeDriver.<init>(ChromeDriver.java:124)
at com.raq.test.Learning.setUp(Learning.java:21)
at sun.reflect.NativeMethodAccessorImpl.invoke0(Native Method)
at sun.reflect.NativeMethodAccessorImpl.invoke(NativeMethodAccessorImpl.java:62)
at sun.reflect.DelegatingMethodAccessorImpl.invoke(DelegatingMethodAccessorImpl.java:43)
at java.lang.reflect.Method.invoke(Method.java:498)
at org.testng.internal.MethodInvocationHelper.invokeMethod(MethodInvocationHelper.java:133)
at org.testng.internal.MethodInvocationHelper.invokeMethodConsideringTimeout(MethodInvocationHelper.java:62)
at org.testng.internal.ConfigInvoker.invokeConfigurationMethod(ConfigInvoker.java:340)
at org.testng.internal.ConfigInvoker.invokeConfigurations(ConfigInvoker.java:294)
at org.testng.internal.TestMethodWorker.invokeBeforeClassMethods(TestMethodWorker.java:176)
at org.testng.internal.TestMethodWorker.run(TestMethodWorker.java:122)
at java.util.ArrayList.forEach(ArrayList.java:1257)
at org.testng.TestRunner.privateRun(TestRunner.java:770)
at org.testng.TestRunner.run(TestRunner.java:591)
at org.testng.SuiteRunner.runTest(SuiteRunner.java:402)
at org.testng.SuiteRunner.runSequentially(SuiteRunner.java:396)
at org.testng.SuiteRunner.privateRun(SuiteRunner.java:355)
at org.testng.SuiteRunner.run(SuiteRunner.java:304)
at org.testng.SuiteRunnerWorker.runSuite(SuiteRunnerWorker.java:53)
at org.testng.SuiteRunnerWorker.run(SuiteRunnerWorker.java:96)
at org.testng.TestNG.runSuitesSequentially(TestNG.java:1180)
at org.testng.TestNG.runSuitesLocally(TestNG.java:1102)
at org.testng.TestNG.runSuites(TestNG.java:1032)
at org.testng.TestNG.run(TestNG.java:1000)
at org.testng.remote.AbstractRemoteTestNG.run(AbstractRemoteTestNG.java:115)
at org.testng.remote.RemoteTestNG.initAndRun(RemoteTestNG.java:251)
at org.testng.remote.RemoteTestNG.main(RemoteTestNG.java:77)
]]>
    </error>
  </testcase> <!-- setUp -->
  <testcase name="pageInvocation" time="0.000" classname="com.raq.test.Learning">
    <skipped/>
  </testcase> <!-- pageInvocation -->
</testsuite> <!-- com.raq.test.Learning -->
